[debug] [2025-12-01T20:00:04.163Z] ----------------------------------------------------------------------
[debug] [2025-12-01T20:00:04.165Z] Command:       C:\Program Files\nodejs\node.exe C:\Users\julio\AppData\Roaming\npm\node_modules\firebase-tools\lib\bin\firebase.js init
[debug] [2025-12-01T20:00:04.165Z] CLI Version:   14.26.0
[debug] [2025-12-01T20:00:04.165Z] Platform:      win32
[debug] [2025-12-01T20:00:04.165Z] Node Version:  v22.15.0
[debug] [2025-12-01T20:00:04.166Z] Time:          Mon Dec 01 2025 21:00:04 GMT+0100 (hora estándar de Europa central)
[debug] [2025-12-01T20:00:04.166Z] ----------------------------------------------------------------------
[debug] 
[info] 
     ######## #### ########  ######## ########     ###     ######  ########
     ##        ##  ##     ## ##       ##     ##  ##   ##  ##       ##
     ######    ##  ########  ######   ########  #########  ######  ######
     ##        ##  ##    ##  ##       ##     ## ##     ##       ## ##
     ##       #### ##     ## ######## ########  ##     ##  ######  ########

You're about to initialize a Firebase project in this directory:

  C:\Users\julio\Desktop\webs\felisometro\felisometro

[debug] [2025-12-01T20:01:48.746Z] ExitPromptError: User force closed the prompt with SIGINT
    at Interface.sigint (C:\Users\julio\AppData\Roaming\npm\node_modules\firebase-tools\node_modules\@inquirer\core\dist\commonjs\lib\create-prompt.js:101:37)
    at Interface.emit (node:events:518:28)
    at Interface.emit (node:domain:489:12)
    at [_ttyWrite] [as _ttyWrite] (node:internal/readline/interface:1128:18)
    at ReadStream.onkeypress (node:internal/readline/interface:267:20)
    at ReadStream.emit (node:events:530:35)
    at ReadStream.emit (node:domain:489:12)
    at emitKeys (node:internal/readline/utils:370:14)
    at emitKeys.next (<anonymous>)
    at ReadStream.onData (node:internal/readline/emitKeypressEvents:64:36)
[error] 
[error] Error: An unexpected error has occurred.
